<?xml version="1.0" encoding="UTF-8"?>
<!-- Generated by org.testng.reporters.JUnitReportReporter -->
<testsuite hostname="Geeta" failures="0" tests="1" name="TestCases.ReqResTC" time="1.633" errors="0" timestamp="2025-08-05T21:13:33 IST" skipped="0">
  <testcase classname="TestCases.ReqResTC" name="getListOfUserEndpointTC" time="1.633"/>
</testsuite> <!-- TestCases.ReqResTC -->
