<?xml version="1.0" encoding="UTF-8"?>
<!-- Generated by org.testng.reporters.JUnitReportReporter -->
<testsuite hostname="Geeta" failures="0" tests="1" name="Practice.Validation" time="2.271" errors="0" timestamp="2025-08-05T22:26:39 IST" skipped="0">
  <testcase classname="Practice.Validation" name="getList" time="2.271"/>
</testsuite> <!-- Practice.Validation -->
